<?xml version="1.0" encoding="UTF-8"?>
<robot generator="Robot 3.2.2 (Python 3.9.5 on darwin)" generated="20210507 13:51:50.480" rpa="false">
<suite id="s1" name="RobotFrameworkProject" source="/Users/rocco.bonanno/RobotFrameworkProject">
<suite id="s1-s1" name="Simple Test" source="/Users/rocco.bonanno/RobotFrameworkProject/simple_test.robot">
<test id="s1-s1-t1" name="Simple Search">
<kw name="Create List" library="BuiltIn">
<doc>Returns a list containing given items.</doc>
<arguments>
<arg>--start-maximized</arg>
<arg>--disable-web-security</arg>
</arguments>
<assign>
<var>${list}</var>
</assign>
<msg timestamp="20210507 13:51:50.623" level="INFO">${list} = ['--start-maximized', '--disable-web-security']</msg>
<status status="PASS" starttime="20210507 13:51:50.622" endtime="20210507 13:51:50.623"></status>
</kw>
<kw name="Create Dictionary" library="BuiltIn">
<doc>Creates and returns a dictionary based on the given ``items``.</doc>
<arguments>
<arg>args=${list}</arg>
</arguments>
<assign>
<var>${args}</var>
</assign>
<msg timestamp="20210507 13:51:50.623" level="INFO">${args} = {'args': ['--start-maximized', '--disable-web-security']}</msg>
<status status="PASS" starttime="20210507 13:51:50.623" endtime="20210507 13:51:50.623"></status>
</kw>
<kw name="Create Dictionary" library="BuiltIn">
<doc>Creates and returns a dictionary based on the given ``items``.</doc>
<arguments>
<arg>chromeOptions=${args}</arg>
</arguments>
<assign>
<var>${desired caps}</var>
</assign>
<msg timestamp="20210507 13:51:50.624" level="INFO">${desired caps} = {'chromeOptions': {'args': ['--start-maximized', '--disable-web-security']}}</msg>
<status status="PASS" starttime="20210507 13:51:50.624" endtime="20210507 13:51:50.624"></status>
</kw>
<kw name="Open Browser" library="SeleniumLibrary">
<doc>Opens a new browser instance to the optional ``url``.</doc>
<arguments>
<arg>${HOME_URL}</arg>
<arg>browser=${BROWSER}</arg>
<arg>options=binary_location="/usr/local/bin/chromedriver"</arg>
</arguments>
<msg timestamp="20210507 13:51:50.625" level="INFO">Opening browser 'Chrome' to base url 'https://www.ibs.it'.</msg>
<kw name="Capture Page Screenshot" library="SeleniumLibrary">
<doc>Takes a screenshot of the current page and embeds it into a log file.</doc>
<msg timestamp="20210507 13:51:51.722" level="INFO">Cannot capture screenshot because no browser is open.</msg>
<status status="PASS" starttime="20210507 13:51:51.721" endtime="20210507 13:51:51.722"></status>
</kw>
<msg timestamp="20210507 13:51:51.724" level="FAIL">WebDriverException: Message: unknown error: Chrome failed to start: exited abnormally.
  (unknown error: DevToolsActivePort file doesn't exist)
  (The process started from chrome location /usr/local/bin/chromedriver is no longer running, so ChromeDriver is assuming that Chrome has crashed.)
</msg>
<status status="FAIL" starttime="20210507 13:51:50.624" endtime="20210507 13:51:51.724"></status>
</kw>
<kw name="Close Browser" library="SeleniumLibrary" type="teardown">
<doc>Closes the current browser.</doc>
<status status="PASS" starttime="20210507 13:51:51.725" endtime="20210507 13:51:51.725"></status>
</kw>
<tags>
<tag>Smoke-simple-test</tag>
</tags>
<status status="FAIL" starttime="20210507 13:51:50.622" endtime="20210507 13:51:51.725" critical="yes">WebDriverException: Message: unknown error: Chrome failed to start: exited abnormally.
  (unknown error: DevToolsActivePort file doesn't exist)
  (The process started from chrome location /usr/local/bin/chromedriver is no longer running, so ChromeDriver is assuming that Chrome has crashed.)
</status>
</test>
<test id="s1-s1-t2" name="Test">
<kw name="Log To Console" library="BuiltIn">
<doc>Logs the given message to the console.</doc>
<arguments>
<arg>"ciao"</arg>
</arguments>
<status status="PASS" starttime="20210507 13:51:51.726" endtime="20210507 13:51:51.726"></status>
</kw>
<kw name="Close Browser" library="SeleniumLibrary" type="teardown">
<doc>Closes the current browser.</doc>
<status status="PASS" starttime="20210507 13:51:51.727" endtime="20210507 13:51:51.727"></status>
</kw>
<status status="PASS" starttime="20210507 13:51:51.725" endtime="20210507 13:51:51.727" critical="yes"></status>
</test>
<status status="FAIL" starttime="20210507 13:51:50.502" endtime="20210507 13:51:51.728"></status>
</suite>
<status status="FAIL" starttime="20210507 13:51:50.482" endtime="20210507 13:51:51.729"></status>
</suite>
<statistics>
<total>
<stat pass="1" fail="1">Critical Tests</stat>
<stat pass="1" fail="1">All Tests</stat>
</total>
<tag>
<stat pass="0" fail="1">Smoke-simple-test</stat>
</tag>
<suite>
<stat pass="1" fail="1" id="s1" name="RobotFrameworkProject">RobotFrameworkProject</stat>
<stat pass="1" fail="1" id="s1-s1" name="Simple Test">RobotFrameworkProject.Simple Test</stat>
</suite>
</statistics>
<errors>
</errors>
</robot>
